[debug] [2021-03-04T17:53:48.426Z] ----------------------------------------------------------------------
[debug] [2021-03-04T17:53:48.428Z] Command:       /usr/local/bin/node /usr/local/bin/firebase init
[debug] [2021-03-04T17:53:48.428Z] CLI Version:   9.5.0
[debug] [2021-03-04T17:53:48.428Z] Platform:      darwin
[debug] [2021-03-04T17:53:48.428Z] Node Version:  v12.16.3
[debug] [2021-03-04T17:53:48.429Z] Time:          Thu Mar 04 2021 19:53:48 GMT+0200 (Eastern European Standard Time)
[debug] [2021-03-04T17:53:48.429Z] ----------------------------------------------------------------------
[debug] [2021-03-04T17:53:48.429Z] 
[debug] [2021-03-04T17:53:48.435Z] > command requires scopes: ["email","openid","https://www.googleapis.com/auth/cloudplatformprojects.readonly","https://www.googleapis.com/auth/firebase","https://www.googleapis.com/auth/cloud-platform"]
[debug] [2021-03-04T17:53:48.435Z] > authorizing via signed-in user
[info] 
     ######## #### ########  ######## ########     ###     ######  ########
     ##        ##  ##     ## ##       ##     ##  ##   ##  ##       ##
     ######    ##  ########  ######   ########  #########  ######  ######
     ##        ##  ##    ##  ##       ##     ## ##     ##       ## ##
     ##       #### ##     ## ######## ########  ##     ##  ######  ########

You're about to initialize a Firebase project in this directory:

  /Users/andrii.halich/WebstormProjects/constructor

[info] 
=== Project Setup
[info] 
[info] First, let's associate this project directory with a Firebase project.
[info] You can create multiple project aliases by running firebase use --add, 
[info] but for now we'll just set up a default project.
[info] 
[debug] [2021-03-04T17:54:12.194Z] >>> [apiv2][query] GET https://firebase.googleapis.com/v1beta1/projects pageSize=100
[debug] [2021-03-04T17:54:13.694Z] <<< [apiv2][status] GET https://firebase.googleapis.com/v1beta1/projects 200
[debug] [2021-03-04T17:54:13.694Z] <<< [apiv2][body] GET https://firebase.googleapis.com/v1beta1/projects [omitted]
[info] i  Using project constructor-8615d (constructor) 
[info] 
=== Hosting Setup
[info] 
[info] Your public directory is the folder (relative to your project directory) that
[info] will contain Hosting assets to be uploaded with firebase deploy. If you
[info] have a build process for your assets, use your build's output directory.
[info] 
[debug] [2021-03-04T17:55:16.891Z] >>> [apiv2][query] GET https://www.gstatic.com/firebasejs/releases.json [none]
[debug] [2021-03-04T17:55:17.051Z] <<< [apiv2][status] GET https://www.gstatic.com/firebasejs/releases.json 200
[debug] [2021-03-04T17:55:17.051Z] <<< [apiv2][body] GET https://www.gstatic.com/firebasejs/releases.json {"current":{"version":"8.2.9","browserURL":"https://www.gstatic.com/firebasejs/8.2.9/firebase.js","packageURL":"https://www.gstatic.com/firebasejs/8.2.9/firebase.tgz"},"live":{"version":"8.2","browserURL":"https://www.gstatic.com/firebasejs/live/8.2/firebase.js","packageURL":"https://www.gstatic.com/firebasejs/live/8.2/firebase.tgz"},"components":{"analytics":"https://www.gstatic.com/firebasejs/8.2.9/firebase-analytics.js","app":"https://www.gstatic.com/firebasejs/8.2.9/firebase-app.js","auth":"https://www.gstatic.com/firebasejs/8.2.9/firebase-auth.js","database":"https://www.gstatic.com/firebasejs/8.2.9/firebase-database.js","firestore":"https://www.gstatic.com/firebasejs/8.2.9/firebase-firestore.js","functions":"https://www.gstatic.com/firebasejs/8.2.9/firebase-functions.js","installations":"https://www.gstatic.com/firebasejs/8.2.9/firebase-installations.js","messaging":"https://www.gstatic.com/firebasejs/8.2.9/firebase-messaging.js","storage":"https://www.gstatic.com/firebasejs/8.2.9/firebase-storage.js","performance":"https://www.gstatic.com/firebasejs/8.2.9/firebase-performance.js","remote-config":"https://www.gstatic.com/firebasejs/8.2.9/firebase-remote-config.js","firestore.memory":"https://www.gstatic.com/firebasejs/8.2.9/firebase-firestore.memory.js"}}
[info] i  Skipping write of dist/index.html 
[info] 
[info] i  Detected a .git folder at /Users/andrii.halich/WebstormProjects/constructor 
[info] i  Authorizing with GitHub to upload your service account to a GitHub repository's secrets store. 
[info] 
[info] Visit this URL on this device to log in:
[info] https://github.com/login/oauth/authorize?client_id=89cf50f02ac6aaed3484&state=688975665&redirect_uri=http%3A%2F%2Flocalhost%3A9005&scope=read%3Auser%20repo%20public_repo
[info] 
[info] Waiting for authentication...
[debug] [2021-03-04T17:58:23.740Z] >>> HTTP REQUEST POST https://github.com/login/oauth/access_token  
 {"client_id":"89cf50f02ac6aaed3484","client_secret":"3330d14abc895d9a74d5f17cd7a00711fa2c5bf0","code":"7de6b5aa82535d1d3445","redirect_uri":"http://localhost:9005","state":"688975665"}
[debug] [2021-03-04T17:58:24.125Z] <<< HTTP RESPONSE 200 {"server":"GitHub.com","date":"Thu, 04 Mar 2021 17:58:24 GMT","content-type":"application/json; charset=utf-8","transfer-encoding":"chunked","vary":"X-PJAX, Accept-Encoding, Accept, X-Requested-With","etag":"W/\"bf5c53783af83e49c335a23c4aa2476f\"","cache-control":"max-age=0, private, must-revalidate","strict-transport-security":"max-age=31536000; includeSubdomains; preload","x-frame-options":"deny","x-content-type-options":"nosniff","x-xss-protection":"1; mode=block","referrer-policy":"origin-when-cross-origin, strict-origin-when-cross-origin","expect-ct":"max-age=2592000, report-uri=\"https://api.github.com/_private/browser/errors\"","content-security-policy":"default-src 'none'; base-uri 'self'; block-all-mixed-content; connect-src 'self' uploads.github.com www.githubstatus.com collector.githubapp.com api.github.com github-cloud.s3.amazonaws.com github-production-repository-file-5c1aeb.s3.amazonaws.com github-production-upload-manifest-file-7fdce7.s3.amazonaws.com github-production-user-asset-6210df.s3.amazonaws.com cdn.optimizely.com logx.optimizely.com/v1/events wss://alive.github.com; font-src github.githubassets.com; form-action 'self' github.com gist.github.com; frame-ancestors 'none'; frame-src render.githubusercontent.com; img-src 'self' data: github.githubassets.com identicons.github.com collector.githubapp.com github-cloud.s3.amazonaws.com user-images.githubusercontent.com/ *.githubusercontent.com; manifest-src 'self'; media-src 'none'; script-src github.githubassets.com; style-src 'unsafe-inline' github.githubassets.com; worker-src github.com/socket-worker-5029ae85.js gist.github.com/socket-worker-5029ae85.js","x-github-request-id":"C9E6:9C61:1A193F:1AC9A1:60411FBF"}
[debug] [2021-03-04T17:58:24.135Z] >>> [apiv2][query] GET https://api.github.com/user [none]
[debug] [2021-03-04T17:58:24.484Z] <<< [apiv2][status] GET https://api.github.com/user 200
[debug] [2021-03-04T17:58:24.484Z] <<< [apiv2][body] GET https://api.github.com/user {"login":"mramerican","id":4757396,"node_id":"MDQ6VXNlcjQ3NTczOTY=","avatar_url":"https://avatars.githubusercontent.com/u/4757396?v=4","gravatar_id":"","url":"https://api.github.com/users/mramerican","html_url":"https://github.com/mramerican","followers_url":"https://api.github.com/users/mramerican/followers","following_url":"https://api.github.com/users/mramerican/following{/other_user}","gists_url":"https://api.github.com/users/mramerican/gists{/gist_id}","starred_url":"https://api.github.com/users/mramerican/starred{/owner}{/repo}","subscriptions_url":"https://api.github.com/users/mramerican/subscriptions","organizations_url":"https://api.github.com/users/mramerican/orgs","repos_url":"https://api.github.com/users/mramerican/repos","events_url":"https://api.github.com/users/mramerican/events{/privacy}","received_events_url":"https://api.github.com/users/mramerican/received_events","type":"User","site_admin":false,"name":"Andrii Halich","company":"PMLab","blog":"","location":null,"email":"mramerican@i.ua","hireable":null,"bio":null,"twitter_username":null,"public_repos":7,"public_gists":0,"followers":1,"following":0,"created_at":"2013-06-21T07:35:23Z","updated_at":"2021-03-04T17:56:33Z","private_gists":0,"total_private_repos":0,"owned_private_repos":0,"disk_usage":868,"collaborators":0,"two_factor_authentication":true,"plan":{"name":"free","space":976562499,"collaborators":0,"private_repos":10000}}
[info] 
[info] ✔  Success! Logged into GitHub as mramerican 
[info] 
[debug] [2021-03-04T17:58:44.434Z] >>> [apiv2][query] GET https://api.github.com/repos/user/actions/secrets/public-key type=owner
[debug] [2021-03-04T17:58:44.747Z] <<< [apiv2][status] GET https://api.github.com/repos/user/actions/secrets/public-key 404
[debug] [2021-03-04T17:58:44.747Z] <<< [apiv2][body] GET https://api.github.com/repos/user/actions/secrets/public-key {"message":"Not Found","documentation_url":"https://docs.github.com/rest"}
[debug] [2021-03-04T17:58:57.486Z] >>> [apiv2][query] GET https://api.github.com/repos/repository/actions/secrets/public-key type=owner
[debug] [2021-03-04T17:58:57.741Z] <<< [apiv2][status] GET https://api.github.com/repos/repository/actions/secrets/public-key 404
[debug] [2021-03-04T17:58:57.742Z] <<< [apiv2][body] GET https://api.github.com/repos/repository/actions/secrets/public-key {"message":"Not Found","documentation_url":"https://docs.github.com/rest"}
